2023-05-22 18:29:36,761 INFO o.a.j.u.JMeterUtils: Setting Locale to en_EN
2023-05-22 18:29:36,791 INFO o.a.j.JMeter: Loading user properties from: user.properties
2023-05-22 18:29:36,793 INFO o.a.j.JMeter: Loading system properties from: system.properties
2023-05-22 18:29:36,810 INFO o.a.j.JMeter: Copyright (c) 1998-2022 The Apache Software Foundation
2023-05-22 18:29:36,810 INFO o.a.j.JMeter: Version 5.5
2023-05-22 18:29:36,810 INFO o.a.j.JMeter: java.version=1.8.0_51
2023-05-22 18:29:36,810 INFO o.a.j.JMeter: java.vm.name=Java HotSpot(TM) 64-Bit Server VM
2023-05-22 18:29:36,810 INFO o.a.j.JMeter: os.name=Windows 8.1
2023-05-22 18:29:36,811 INFO o.a.j.JMeter: os.arch=amd64
2023-05-22 18:29:36,811 INFO o.a.j.JMeter: os.version=6.3
2023-05-22 18:29:36,811 INFO o.a.j.JMeter: file.encoding=Cp1252
2023-05-22 18:29:36,811 INFO o.a.j.JMeter: java.awt.headless=null
2023-05-22 18:29:36,811 INFO o.a.j.JMeter: Max memory     =1073741824
2023-05-22 18:29:36,811 INFO o.a.j.JMeter: Available Processors =8
2023-05-22 18:29:36,820 INFO o.a.j.JMeter: Default Locale=English (EN)
2023-05-22 18:29:36,821 INFO o.a.j.JMeter: JMeter  Locale=English (EN)
2023-05-22 18:29:36,821 INFO o.a.j.JMeter: JMeterHome=D:\MavenPractice\apache-jmeter-5.5\apache-jmeter-5.5
2023-05-22 18:29:36,822 INFO o.a.j.JMeter: user.dir  =D:\MavenPractice\apache-jmeter-5.5\apache-jmeter-5.5\bin
2023-05-22 18:29:36,822 INFO o.a.j.JMeter: PWD       =D:\MavenPractice\apache-jmeter-5.5\apache-jmeter-5.5\bin
2023-05-22 18:29:36,823 INFO o.a.j.JMeter: IP: 192.168.1.70 Name: DESKTOP-BO6385I FullName: DESKTOP-BO6385I
2023-05-22 18:29:36,868 INFO o.a.j.JMeter: Loaded icon properties from org/apache/jmeter/images/icon.properties
2023-05-22 18:29:37,099 INFO o.a.j.JMeterGuiLauncher: Setting LAF to: com.github.weisj.darklaf.DarkLaf:com.github.weisj.darklaf.theme.DarculaTheme
2023-05-22 18:30:12,534 INFO o.a.j.s.FileServer: Default base='D:\MavenPractice\apache-jmeter-5.5\apache-jmeter-5.5\bin'
2023-05-22 18:30:12,537 INFO o.a.j.s.FileServer: Set new base='D:\MavenPractice\apache-jmeter-5.5\apache-jmeter-5.5\bin'
2023-05-22 18:30:12,763 INFO o.a.j.s.SaveService: Testplan (JMX) version: 2.2. Testlog (JTL) version: 2.2
2023-05-22 18:30:12,780 INFO o.a.j.s.SaveService: Using SaveService properties file encoding UTF-8
2023-05-22 18:30:12,781 INFO o.a.j.s.SaveService: Using SaveService properties version 5.0
2023-05-22 18:30:19,005 INFO o.a.j.p.h.s.HTTPSamplerBase: Parser for text/html is org.apache.jmeter.protocol.http.parser.LagartoBasedHtmlParser
2023-05-22 18:30:19,005 INFO o.a.j.p.h.s.HTTPSamplerBase: Parser for application/xhtml+xml is org.apache.jmeter.protocol.http.parser.LagartoBasedHtmlParser
2023-05-22 18:30:19,005 INFO o.a.j.p.h.s.HTTPSamplerBase: Parser for application/xml is org.apache.jmeter.protocol.http.parser.LagartoBasedHtmlParser
2023-05-22 18:30:19,005 INFO o.a.j.p.h.s.HTTPSamplerBase: Parser for text/xml is org.apache.jmeter.protocol.http.parser.LagartoBasedHtmlParser
2023-05-22 18:30:19,005 INFO o.a.j.p.h.s.HTTPSamplerBase: Parser for text/vnd.wap.wml is org.apache.jmeter.protocol.http.parser.RegexpHTMLParser
2023-05-22 18:30:19,005 INFO o.a.j.p.h.s.HTTPSamplerBase: Parser for text/css is org.apache.jmeter.protocol.http.parser.CssParser
2023-05-22 18:30:45,102 INFO o.a.j.s.SampleResult: Note: Sample TimeStamps are START times
2023-05-22 18:30:45,103 INFO o.a.j.s.SampleResult: sampleresult.default.encoding is set to ISO-8859-1
2023-05-22 18:30:45,103 INFO o.a.j.s.SampleResult: sampleresult.useNanoTime=true
2023-05-22 18:30:45,103 INFO o.a.j.s.SampleResult: sampleresult.nanoThreadSleep=5000
2023-05-22 18:30:51,948 INFO o.a.j.e.StandardJMeterEngine: Running the test!
2023-05-22 18:30:51,948 INFO o.a.j.s.SampleEvent: List of sample_variables: []
2023-05-22 18:30:51,948 INFO o.a.j.s.SampleEvent: List of sample_variables: []
2023-05-22 18:30:51,949 INFO o.a.j.e.u.CompoundVariable: Note: Function class names must contain the string: '.functions.'
2023-05-22 18:30:51,949 INFO o.a.j.e.u.CompoundVariable: Note: Function class names must not contain the string: '.gui.'
2023-05-22 18:30:52,309 INFO o.a.j.g.u.JMeterMenuBar: setRunning(true, *local*)
2023-05-22 18:30:52,334 INFO o.a.j.e.StandardJMeterEngine: Starting ThreadGroup: 1 : Thread Group
2023-05-22 18:30:52,334 INFO o.a.j.e.StandardJMeterEngine: Starting 15 threads for group Thread Group.
2023-05-22 18:30:52,334 INFO o.a.j.e.StandardJMeterEngine: Thread will continue on error
2023-05-22 18:30:52,334 INFO o.a.j.t.ThreadGroup: Starting thread group... number=1 threads=15 ramp-up=1 delayedStart=false
2023-05-22 18:30:52,342 INFO o.a.j.t.JMeterThread: Thread started: Thread Group 1-1
2023-05-22 18:30:52,355 INFO o.a.j.t.ThreadGroup: Started thread group number 1
2023-05-22 18:30:52,355 INFO o.a.j.e.StandardJMeterEngine: All thread groups have been started
2023-05-22 18:30:52,368 INFO o.a.j.p.h.s.HTTPHCAbstractImpl: Local host = DESKTOP-BO6385I
2023-05-22 18:30:52,377 INFO o.a.j.p.h.s.HTTPHC4Impl: HTTP request retry count = 0
2023-05-22 18:30:52,405 INFO o.a.j.t.JMeterThread: Thread started: Thread Group 1-2
2023-05-22 18:30:52,473 INFO o.a.j.t.JMeterThread: Thread started: Thread Group 1-3
2023-05-22 18:30:52,538 INFO o.a.j.t.JMeterThread: Thread started: Thread Group 1-4
2023-05-22 18:30:52,568 INFO o.a.j.t.JMeterThread: Thread is done: Thread Group 1-2
2023-05-22 18:30:52,568 INFO o.a.j.t.JMeterThread: Thread is done: Thread Group 1-3
2023-05-22 18:30:52,568 INFO o.a.j.t.JMeterThread: Thread finished: Thread Group 1-2
2023-05-22 18:30:52,568 INFO o.a.j.t.JMeterThread: Thread finished: Thread Group 1-3
2023-05-22 18:30:52,605 INFO o.a.j.t.JMeterThread: Thread started: Thread Group 1-5
2023-05-22 18:30:52,672 INFO o.a.j.t.JMeterThread: Thread started: Thread Group 1-6
2023-05-22 18:30:52,738 INFO o.a.j.t.JMeterThread: Thread started: Thread Group 1-7
2023-05-22 18:30:52,807 INFO o.a.j.t.JMeterThread: Thread started: Thread Group 1-8
2023-05-22 18:30:52,873 INFO o.a.j.t.JMeterThread: Thread started: Thread Group 1-9
2023-05-22 18:30:52,939 INFO o.a.j.t.JMeterThread: Thread started: Thread Group 1-10
2023-05-22 18:30:53,006 INFO o.a.j.t.JMeterThread: Thread started: Thread Group 1-11
2023-05-22 18:30:53,072 INFO o.a.j.t.JMeterThread: Thread started: Thread Group 1-12
2023-05-22 18:30:53,139 INFO o.a.j.t.JMeterThread: Thread started: Thread Group 1-13
2023-05-22 18:30:53,207 INFO o.a.j.t.JMeterThread: Thread started: Thread Group 1-14
2023-05-22 18:30:53,273 INFO o.a.j.t.JMeterThread: Thread started: Thread Group 1-15
2023-05-22 18:30:54,535 INFO o.a.j.t.JMeterThread: Thread is done: Thread Group 1-1
2023-05-22 18:30:54,535 INFO o.a.j.t.JMeterThread: Thread finished: Thread Group 1-1
2023-05-22 18:30:54,558 INFO o.a.j.t.JMeterThread: Thread is done: Thread Group 1-4
2023-05-22 18:30:54,558 INFO o.a.j.t.JMeterThread: Thread finished: Thread Group 1-4
2023-05-22 18:30:54,623 INFO o.a.j.t.JMeterThread: Thread is done: Thread Group 1-5
2023-05-22 18:30:54,623 INFO o.a.j.t.JMeterThread: Thread finished: Thread Group 1-5
2023-05-22 18:30:54,687 INFO o.a.j.t.JMeterThread: Thread is done: Thread Group 1-6
2023-05-22 18:30:54,687 INFO o.a.j.t.JMeterThread: Thread finished: Thread Group 1-6
2023-05-22 18:30:54,750 INFO o.a.j.t.JMeterThread: Thread is done: Thread Group 1-7
2023-05-22 18:30:54,750 INFO o.a.j.t.JMeterThread: Thread finished: Thread Group 1-7
2023-05-22 18:30:54,829 INFO o.a.j.t.JMeterThread: Thread is done: Thread Group 1-8
2023-05-22 18:30:54,829 INFO o.a.j.t.JMeterThread: Thread finished: Thread Group 1-8
2023-05-22 18:30:54,907 INFO o.a.j.t.JMeterThread: Thread is done: Thread Group 1-9
2023-05-22 18:30:54,907 INFO o.a.j.t.JMeterThread: Thread finished: Thread Group 1-9
2023-05-22 18:30:54,955 INFO o.a.j.t.JMeterThread: Thread is done: Thread Group 1-10
2023-05-22 18:30:54,956 INFO o.a.j.t.JMeterThread: Thread finished: Thread Group 1-10
2023-05-22 18:30:55,026 INFO o.a.j.t.JMeterThread: Thread is done: Thread Group 1-11
2023-05-22 18:30:55,026 INFO o.a.j.t.JMeterThread: Thread finished: Thread Group 1-11
2023-05-22 18:30:55,097 INFO o.a.j.t.JMeterThread: Thread is done: Thread Group 1-12
2023-05-22 18:30:55,097 INFO o.a.j.t.JMeterThread: Thread finished: Thread Group 1-12
2023-05-22 18:30:55,208 INFO o.a.j.t.JMeterThread: Thread is done: Thread Group 1-13
2023-05-22 18:30:55,208 INFO o.a.j.t.JMeterThread: Thread finished: Thread Group 1-13
2023-05-22 18:30:55,225 INFO o.a.j.t.JMeterThread: Thread is done: Thread Group 1-14
2023-05-22 18:30:55,225 INFO o.a.j.t.JMeterThread: Thread finished: Thread Group 1-14
2023-05-22 18:30:55,289 INFO o.a.j.t.JMeterThread: Thread is done: Thread Group 1-15
2023-05-22 18:30:55,289 INFO o.a.j.t.JMeterThread: Thread finished: Thread Group 1-15
2023-05-22 18:30:55,289 INFO o.a.j.e.StandardJMeterEngine: Notifying test listeners of end of test
2023-05-22 18:30:55,289 INFO o.a.j.g.u.JMeterMenuBar: setRunning(false, *local*)
2023-05-22 19:48:00,570 INFO o.a.j.e.StandardJMeterEngine: Running the test!
2023-05-22 19:48:00,582 INFO o.a.j.s.SampleEvent: List of sample_variables: []
2023-05-22 19:48:00,594 INFO o.a.j.g.u.JMeterMenuBar: setRunning(true, *local*)
2023-05-22 19:48:01,193 INFO o.a.j.e.StandardJMeterEngine: Starting ThreadGroup: 1 : Thread Group
2023-05-22 19:48:01,193 INFO o.a.j.e.StandardJMeterEngine: Starting 15 threads for group Thread Group.
2023-05-22 19:48:01,193 INFO o.a.j.e.StandardJMeterEngine: Thread will continue on error
2023-05-22 19:48:01,193 INFO o.a.j.t.ThreadGroup: Starting thread group... number=1 threads=15 ramp-up=1 delayedStart=false
2023-05-22 19:48:01,194 INFO o.a.j.t.JMeterThread: Thread started: Thread Group 1-1
2023-05-22 19:48:01,199 INFO o.a.j.t.ThreadGroup: Started thread group number 1
2023-05-22 19:48:01,200 INFO o.a.j.e.StandardJMeterEngine: All thread groups have been started
2023-05-22 19:48:01,250 INFO o.a.j.t.JMeterThread: Thread is done: Thread Group 1-1
2023-05-22 19:48:01,251 INFO o.a.j.t.JMeterThread: Thread finished: Thread Group 1-1
2023-05-22 19:48:01,262 INFO o.a.j.t.JMeterThread: Thread started: Thread Group 1-2
2023-05-22 19:48:01,308 INFO o.a.j.t.JMeterThread: Thread is done: Thread Group 1-2
2023-05-22 19:48:01,308 INFO o.a.j.t.JMeterThread: Thread finished: Thread Group 1-2
2023-05-22 19:48:01,329 INFO o.a.j.t.JMeterThread: Thread started: Thread Group 1-3
2023-05-22 19:48:01,362 INFO o.a.j.t.JMeterThread: Thread is done: Thread Group 1-3
2023-05-22 19:48:01,363 INFO o.a.j.t.JMeterThread: Thread finished: Thread Group 1-3
2023-05-22 19:48:01,396 INFO o.a.j.t.JMeterThread: Thread started: Thread Group 1-4
2023-05-22 19:48:01,461 INFO o.a.j.t.JMeterThread: Thread is done: Thread Group 1-4
2023-05-22 19:48:01,462 INFO o.a.j.t.JMeterThread: Thread finished: Thread Group 1-4
2023-05-22 19:48:01,466 INFO o.a.j.t.JMeterThread: Thread started: Thread Group 1-5
2023-05-22 19:48:01,505 INFO o.a.j.t.JMeterThread: Thread is done: Thread Group 1-5
2023-05-22 19:48:01,505 INFO o.a.j.t.JMeterThread: Thread finished: Thread Group 1-5
2023-05-22 19:48:01,530 INFO o.a.j.t.JMeterThread: Thread started: Thread Group 1-6
2023-05-22 19:48:01,568 INFO o.a.j.t.JMeterThread: Thread is done: Thread Group 1-6
2023-05-22 19:48:01,568 INFO o.a.j.t.JMeterThread: Thread finished: Thread Group 1-6
2023-05-22 19:48:01,597 INFO o.a.j.t.JMeterThread: Thread started: Thread Group 1-7
2023-05-22 19:48:01,629 INFO o.a.j.t.JMeterThread: Thread is done: Thread Group 1-7
2023-05-22 19:48:01,629 INFO o.a.j.t.JMeterThread: Thread finished: Thread Group 1-7
2023-05-22 19:48:01,665 INFO o.a.j.t.JMeterThread: Thread started: Thread Group 1-8
2023-05-22 19:48:01,690 INFO o.a.j.t.JMeterThread: Thread is done: Thread Group 1-8
2023-05-22 19:48:01,690 INFO o.a.j.t.JMeterThread: Thread finished: Thread Group 1-8
2023-05-22 19:48:01,731 INFO o.a.j.t.JMeterThread: Thread started: Thread Group 1-9
2023-05-22 19:48:01,768 INFO o.a.j.t.JMeterThread: Thread is done: Thread Group 1-9
2023-05-22 19:48:01,769 INFO o.a.j.t.JMeterThread: Thread finished: Thread Group 1-9
2023-05-22 19:48:01,798 INFO o.a.j.t.JMeterThread: Thread started: Thread Group 1-10
2023-05-22 19:48:01,844 INFO o.a.j.t.JMeterThread: Thread is done: Thread Group 1-10
2023-05-22 19:48:01,844 INFO o.a.j.t.JMeterThread: Thread finished: Thread Group 1-10
2023-05-22 19:48:01,866 INFO o.a.j.t.JMeterThread: Thread started: Thread Group 1-11
2023-05-22 19:48:01,906 INFO o.a.j.t.JMeterThread: Thread is done: Thread Group 1-11
2023-05-22 19:48:01,906 INFO o.a.j.t.JMeterThread: Thread finished: Thread Group 1-11
2023-05-22 19:48:01,933 INFO o.a.j.t.JMeterThread: Thread started: Thread Group 1-12
2023-05-22 19:48:02,003 INFO o.a.j.t.JMeterThread: Thread started: Thread Group 1-13
2023-05-22 19:48:02,031 INFO o.a.j.t.JMeterThread: Thread is done: Thread Group 1-12
2023-05-22 19:48:02,032 INFO o.a.j.t.JMeterThread: Thread finished: Thread Group 1-12
2023-05-22 19:48:02,068 INFO o.a.j.t.JMeterThread: Thread started: Thread Group 1-14
2023-05-22 19:48:02,075 INFO o.a.j.t.JMeterThread: Thread is done: Thread Group 1-13
2023-05-22 19:48:02,075 INFO o.a.j.t.JMeterThread: Thread finished: Thread Group 1-13
2023-05-22 19:48:02,121 INFO o.a.j.t.JMeterThread: Thread is done: Thread Group 1-14
2023-05-22 19:48:02,121 INFO o.a.j.t.JMeterThread: Thread finished: Thread Group 1-14
2023-05-22 19:48:02,134 INFO o.a.j.t.JMeterThread: Thread started: Thread Group 1-15
2023-05-22 19:48:02,175 INFO o.a.j.t.JMeterThread: Thread is done: Thread Group 1-15
2023-05-22 19:48:02,175 INFO o.a.j.t.JMeterThread: Thread finished: Thread Group 1-15
2023-05-22 19:48:02,175 INFO o.a.j.e.StandardJMeterEngine: Notifying test listeners of end of test
2023-05-22 19:48:02,176 INFO o.a.j.g.u.JMeterMenuBar: setRunning(false, *local*)
2023-05-22 19:48:25,847 INFO o.a.j.e.StandardJMeterEngine: Running the test!
2023-05-22 19:48:25,848 INFO o.a.j.s.SampleEvent: List of sample_variables: []
2023-05-22 19:48:25,848 INFO o.a.j.g.u.JMeterMenuBar: setRunning(true, *local*)
2023-05-22 19:48:25,953 INFO o.a.j.e.StandardJMeterEngine: Starting ThreadGroup: 1 : Thread Group
2023-05-22 19:48:25,953 INFO o.a.j.e.StandardJMeterEngine: Starting 15 threads for group Thread Group.
2023-05-22 19:48:25,953 INFO o.a.j.e.StandardJMeterEngine: Thread will continue on error
2023-05-22 19:48:25,953 INFO o.a.j.t.ThreadGroup: Starting thread group... number=1 threads=15 ramp-up=1 delayedStart=false
2023-05-22 19:48:25,955 INFO o.a.j.t.JMeterThread: Thread started: Thread Group 1-1
2023-05-22 19:48:25,957 INFO o.a.j.t.ThreadGroup: Started thread group number 1
2023-05-22 19:48:25,957 INFO o.a.j.e.StandardJMeterEngine: All thread groups have been started
2023-05-22 19:48:25,997 INFO o.a.j.t.JMeterThread: Thread is done: Thread Group 1-1
2023-05-22 19:48:25,997 INFO o.a.j.t.JMeterThread: Thread finished: Thread Group 1-1
2023-05-22 19:48:26,020 INFO o.a.j.t.JMeterThread: Thread started: Thread Group 1-2
2023-05-22 19:48:26,043 INFO o.a.j.t.JMeterThread: Thread is done: Thread Group 1-2
2023-05-22 19:48:26,043 INFO o.a.j.t.JMeterThread: Thread finished: Thread Group 1-2
2023-05-22 19:48:26,088 INFO o.a.j.t.JMeterThread: Thread started: Thread Group 1-3
2023-05-22 19:48:26,116 INFO o.a.j.t.JMeterThread: Thread is done: Thread Group 1-3
2023-05-22 19:48:26,116 INFO o.a.j.t.JMeterThread: Thread finished: Thread Group 1-3
2023-05-22 19:48:26,155 INFO o.a.j.t.JMeterThread: Thread started: Thread Group 1-4
2023-05-22 19:48:26,179 INFO o.a.j.t.JMeterThread: Thread is done: Thread Group 1-4
2023-05-22 19:48:26,179 INFO o.a.j.t.JMeterThread: Thread finished: Thread Group 1-4
2023-05-22 19:48:26,221 INFO o.a.j.t.JMeterThread: Thread started: Thread Group 1-5
2023-05-22 19:48:26,242 INFO o.a.j.t.JMeterThread: Thread is done: Thread Group 1-5
2023-05-22 19:48:26,242 INFO o.a.j.t.JMeterThread: Thread finished: Thread Group 1-5
2023-05-22 19:48:26,288 INFO o.a.j.t.JMeterThread: Thread started: Thread Group 1-6
2023-05-22 19:48:26,311 INFO o.a.j.t.JMeterThread: Thread is done: Thread Group 1-6
2023-05-22 19:48:26,311 INFO o.a.j.t.JMeterThread: Thread finished: Thread Group 1-6
2023-05-22 19:48:26,355 INFO o.a.j.t.JMeterThread: Thread started: Thread Group 1-7
2023-05-22 19:48:26,375 INFO o.a.j.t.JMeterThread: Thread is done: Thread Group 1-7
2023-05-22 19:48:26,376 INFO o.a.j.t.JMeterThread: Thread finished: Thread Group 1-7
2023-05-22 19:48:26,423 INFO o.a.j.t.JMeterThread: Thread started: Thread Group 1-8
2023-05-22 19:48:26,445 INFO o.a.j.t.JMeterThread: Thread is done: Thread Group 1-8
2023-05-22 19:48:26,445 INFO o.a.j.t.JMeterThread: Thread finished: Thread Group 1-8
2023-05-22 19:48:26,490 INFO o.a.j.t.JMeterThread: Thread started: Thread Group 1-9
2023-05-22 19:48:26,516 INFO o.a.j.t.JMeterThread: Thread is done: Thread Group 1-9
2023-05-22 19:48:26,516 INFO o.a.j.t.JMeterThread: Thread finished: Thread Group 1-9
2023-05-22 19:48:26,556 INFO o.a.j.t.JMeterThread: Thread started: Thread Group 1-10
2023-05-22 19:48:26,581 INFO o.a.j.t.JMeterThread: Thread is done: Thread Group 1-10
2023-05-22 19:48:26,582 INFO o.a.j.t.JMeterThread: Thread finished: Thread Group 1-10
2023-05-22 19:48:26,623 INFO o.a.j.t.JMeterThread: Thread started: Thread Group 1-11
2023-05-22 19:48:26,645 INFO o.a.j.t.JMeterThread: Thread is done: Thread Group 1-11
2023-05-22 19:48:26,646 INFO o.a.j.t.JMeterThread: Thread finished: Thread Group 1-11
2023-05-22 19:48:26,691 INFO o.a.j.t.JMeterThread: Thread started: Thread Group 1-12
2023-05-22 19:48:26,712 INFO o.a.j.t.JMeterThread: Thread is done: Thread Group 1-12
2023-05-22 19:48:26,712 INFO o.a.j.t.JMeterThread: Thread finished: Thread Group 1-12
2023-05-22 19:48:26,757 INFO o.a.j.t.JMeterThread: Thread started: Thread Group 1-13
2023-05-22 19:48:26,781 INFO o.a.j.t.JMeterThread: Thread is done: Thread Group 1-13
2023-05-22 19:48:26,781 INFO o.a.j.t.JMeterThread: Thread finished: Thread Group 1-13
2023-05-22 19:48:26,825 INFO o.a.j.t.JMeterThread: Thread started: Thread Group 1-14
2023-05-22 19:48:26,850 INFO o.a.j.t.JMeterThread: Thread is done: Thread Group 1-14
2023-05-22 19:48:26,850 INFO o.a.j.t.JMeterThread: Thread finished: Thread Group 1-14
2023-05-22 19:48:26,893 INFO o.a.j.t.JMeterThread: Thread started: Thread Group 1-15
2023-05-22 19:48:26,925 INFO o.a.j.t.JMeterThread: Thread is done: Thread Group 1-15
2023-05-22 19:48:26,925 INFO o.a.j.t.JMeterThread: Thread finished: Thread Group 1-15
2023-05-22 19:48:26,926 INFO o.a.j.e.StandardJMeterEngine: Notifying test listeners of end of test
2023-05-22 19:48:26,926 INFO o.a.j.g.u.JMeterMenuBar: setRunning(false, *local*)
2023-05-22 19:49:53,082 INFO o.a.j.e.StandardJMeterEngine: Running the test!
2023-05-22 19:49:53,082 INFO o.a.j.s.SampleEvent: List of sample_variables: []
2023-05-22 19:49:53,082 INFO o.a.j.g.u.JMeterMenuBar: setRunning(true, *local*)
2023-05-22 19:49:53,188 INFO o.a.j.e.StandardJMeterEngine: Starting ThreadGroup: 1 : Thread Group
2023-05-22 19:49:53,188 INFO o.a.j.e.StandardJMeterEngine: Starting 15 threads for group Thread Group.
2023-05-22 19:49:53,188 INFO o.a.j.e.StandardJMeterEngine: Thread will continue on error
2023-05-22 19:49:53,188 INFO o.a.j.t.ThreadGroup: Starting thread group... number=1 threads=15 ramp-up=1 delayedStart=false
2023-05-22 19:49:53,189 INFO o.a.j.t.JMeterThread: Thread started: Thread Group 1-1
2023-05-22 19:49:53,191 INFO o.a.j.t.ThreadGroup: Started thread group number 1
2023-05-22 19:49:53,191 INFO o.a.j.e.StandardJMeterEngine: All thread groups have been started
2023-05-22 19:49:53,257 INFO o.a.j.t.JMeterThread: Thread started: Thread Group 1-2
2023-05-22 19:49:53,323 INFO o.a.j.t.JMeterThread: Thread started: Thread Group 1-3
2023-05-22 19:49:53,390 INFO o.a.j.t.JMeterThread: Thread started: Thread Group 1-4
2023-05-22 19:49:53,457 INFO o.a.j.t.JMeterThread: Thread started: Thread Group 1-5
2023-05-22 19:49:53,523 INFO o.a.j.t.JMeterThread: Thread started: Thread Group 1-6
2023-05-22 19:49:53,591 INFO o.a.j.t.JMeterThread: Thread started: Thread Group 1-7
2023-05-22 19:49:53,660 INFO o.a.j.t.JMeterThread: Thread started: Thread Group 1-8
2023-05-22 19:49:53,726 INFO o.a.j.t.JMeterThread: Thread started: Thread Group 1-9
2023-05-22 19:49:53,792 INFO o.a.j.t.JMeterThread: Thread started: Thread Group 1-10
2023-05-22 19:49:53,861 INFO o.a.j.t.JMeterThread: Thread started: Thread Group 1-11
2023-05-22 19:49:53,928 INFO o.a.j.t.JMeterThread: Thread started: Thread Group 1-12
2023-05-22 19:49:53,993 INFO o.a.j.t.JMeterThread: Thread started: Thread Group 1-13
2023-05-22 19:49:54,059 INFO o.a.j.t.JMeterThread: Thread started: Thread Group 1-14
2023-05-22 19:49:54,127 INFO o.a.j.t.JMeterThread: Thread started: Thread Group 1-15
2023-05-22 19:49:57,293 INFO o.a.j.t.JMeterThread: Thread is done: Thread Group 1-1
2023-05-22 19:49:57,293 INFO o.a.j.t.JMeterThread: Thread finished: Thread Group 1-1
2023-05-22 19:49:57,338 INFO o.a.j.t.JMeterThread: Thread is done: Thread Group 1-2
2023-05-22 19:49:57,338 INFO o.a.j.t.JMeterThread: Thread finished: Thread Group 1-2
2023-05-22 19:49:57,385 INFO o.a.j.t.JMeterThread: Thread is done: Thread Group 1-3
2023-05-22 19:49:57,385 INFO o.a.j.t.JMeterThread: Thread finished: Thread Group 1-3
2023-05-22 19:49:57,494 INFO o.a.j.t.JMeterThread: Thread is done: Thread Group 1-4
2023-05-22 19:49:57,494 INFO o.a.j.t.JMeterThread: Thread finished: Thread Group 1-4
2023-05-22 19:49:57,541 INFO o.a.j.t.JMeterThread: Thread is done: Thread Group 1-5
2023-05-22 19:49:57,541 INFO o.a.j.t.JMeterThread: Thread finished: Thread Group 1-5
2023-05-22 19:49:57,620 INFO o.a.j.t.JMeterThread: Thread is done: Thread Group 1-6
2023-05-22 19:49:57,620 INFO o.a.j.t.JMeterThread: Thread finished: Thread Group 1-6
2023-05-22 19:49:57,668 INFO o.a.j.t.JMeterThread: Thread is done: Thread Group 1-7
2023-05-22 19:49:57,668 INFO o.a.j.t.JMeterThread: Thread finished: Thread Group 1-7
2023-05-22 19:49:57,745 INFO o.a.j.t.JMeterThread: Thread is done: Thread Group 1-8
2023-05-22 19:49:57,745 INFO o.a.j.t.JMeterThread: Thread finished: Thread Group 1-8
2023-05-22 19:49:57,822 INFO o.a.j.t.JMeterThread: Thread is done: Thread Group 1-9
2023-05-22 19:49:57,822 INFO o.a.j.t.JMeterThread: Thread finished: Thread Group 1-9
2023-05-22 19:49:57,885 INFO o.a.j.t.JMeterThread: Thread is done: Thread Group 1-10
2023-05-22 19:49:57,885 INFO o.a.j.t.JMeterThread: Thread finished: Thread Group 1-10
2023-05-22 19:49:57,962 INFO o.a.j.t.JMeterThread: Thread is done: Thread Group 1-11
2023-05-22 19:49:57,962 INFO o.a.j.t.JMeterThread: Thread finished: Thread Group 1-11
2023-05-22 19:49:58,025 INFO o.a.j.t.JMeterThread: Thread is done: Thread Group 1-12
2023-05-22 19:49:58,025 INFO o.a.j.t.JMeterThread: Thread finished: Thread Group 1-12
2023-05-22 19:49:58,088 INFO o.a.j.t.JMeterThread: Thread is done: Thread Group 1-13
2023-05-22 19:49:58,088 INFO o.a.j.t.JMeterThread: Thread finished: Thread Group 1-13
2023-05-22 19:49:58,151 INFO o.a.j.t.JMeterThread: Thread is done: Thread Group 1-14
2023-05-22 19:49:58,151 INFO o.a.j.t.JMeterThread: Thread finished: Thread Group 1-14
2023-05-22 19:49:58,214 INFO o.a.j.t.JMeterThread: Thread is done: Thread Group 1-15
2023-05-22 19:49:58,214 INFO o.a.j.t.JMeterThread: Thread finished: Thread Group 1-15
2023-05-22 19:49:58,214 INFO o.a.j.e.StandardJMeterEngine: Notifying test listeners of end of test
2023-05-22 19:49:58,214 INFO o.a.j.g.u.JMeterMenuBar: setRunning(false, *local*)
2023-05-22 19:52:15,812 INFO o.a.j.e.StandardJMeterEngine: Running the test!
2023-05-22 19:52:15,812 INFO o.a.j.s.SampleEvent: List of sample_variables: []
2023-05-22 19:52:15,813 INFO o.a.j.g.u.JMeterMenuBar: setRunning(true, *local*)
2023-05-22 19:52:15,939 INFO o.a.j.e.StandardJMeterEngine: Starting ThreadGroup: 1 : Thread Group
2023-05-22 19:52:15,939 INFO o.a.j.e.StandardJMeterEngine: Starting 15 threads for group Thread Group.
2023-05-22 19:52:15,939 INFO o.a.j.e.StandardJMeterEngine: Thread will continue on error
2023-05-22 19:52:15,939 INFO o.a.j.t.ThreadGroup: Starting thread group... number=1 threads=15 ramp-up=1 delayedStart=false
2023-05-22 19:52:15,940 INFO o.a.j.t.JMeterThread: Thread started: Thread Group 1-1
2023-05-22 19:52:15,943 INFO o.a.j.t.ThreadGroup: Started thread group number 1
2023-05-22 19:52:15,943 INFO o.a.j.e.StandardJMeterEngine: All thread groups have been started
2023-05-22 19:52:15,978 INFO o.a.j.t.JMeterThread: Thread is done: Thread Group 1-1
2023-05-22 19:52:15,979 INFO o.a.j.t.JMeterThread: Thread finished: Thread Group 1-1
2023-05-22 19:52:16,008 INFO o.a.j.t.JMeterThread: Thread started: Thread Group 1-2
2023-05-22 19:52:16,030 INFO o.a.j.t.JMeterThread: Thread is done: Thread Group 1-2
2023-05-22 19:52:16,030 INFO o.a.j.t.JMeterThread: Thread finished: Thread Group 1-2
2023-05-22 19:52:16,075 INFO o.a.j.t.JMeterThread: Thread started: Thread Group 1-3
2023-05-22 19:52:16,141 INFO o.a.j.t.JMeterThread: Thread started: Thread Group 1-4
2023-05-22 19:52:16,207 INFO o.a.j.t.JMeterThread: Thread started: Thread Group 1-5
2023-05-22 19:52:16,276 INFO o.a.j.t.JMeterThread: Thread started: Thread Group 1-6
2023-05-22 19:52:16,342 INFO o.a.j.t.JMeterThread: Thread started: Thread Group 1-7
2023-05-22 19:52:16,408 INFO o.a.j.t.JMeterThread: Thread started: Thread Group 1-8
2023-05-22 19:52:16,475 INFO o.a.j.t.JMeterThread: Thread started: Thread Group 1-9
2023-05-22 19:52:16,542 INFO o.a.j.t.JMeterThread: Thread started: Thread Group 1-10
2023-05-22 19:52:16,609 INFO o.a.j.t.JMeterThread: Thread started: Thread Group 1-11
2023-05-22 19:52:16,678 INFO o.a.j.t.JMeterThread: Thread started: Thread Group 1-12
2023-05-22 19:52:16,745 INFO o.a.j.t.JMeterThread: Thread started: Thread Group 1-13
2023-05-22 19:52:16,811 INFO o.a.j.t.JMeterThread: Thread started: Thread Group 1-14
2023-05-22 19:52:16,879 INFO o.a.j.t.JMeterThread: Thread started: Thread Group 1-15
2023-05-22 19:52:17,434 INFO o.a.j.t.JMeterThread: Thread is done: Thread Group 1-3
2023-05-22 19:52:17,434 INFO o.a.j.t.JMeterThread: Thread finished: Thread Group 1-3
2023-05-22 19:52:17,439 INFO o.a.j.t.JMeterThread: Thread is done: Thread Group 1-4
2023-05-22 19:52:17,439 INFO o.a.j.t.JMeterThread: Thread finished: Thread Group 1-4
2023-05-22 19:52:18,221 INFO o.a.j.t.JMeterThread: Thread is done: Thread Group 1-5
2023-05-22 19:52:18,221 INFO o.a.j.t.JMeterThread: Thread finished: Thread Group 1-5
2023-05-22 19:52:18,283 INFO o.a.j.t.JMeterThread: Thread is done: Thread Group 1-6
2023-05-22 19:52:18,283 INFO o.a.j.t.JMeterThread: Thread finished: Thread Group 1-6
2023-05-22 19:52:18,361 INFO o.a.j.t.JMeterThread: Thread is done: Thread Group 1-7
2023-05-22 19:52:18,361 INFO o.a.j.t.JMeterThread: Thread finished: Thread Group 1-7
2023-05-22 19:52:18,423 INFO o.a.j.t.JMeterThread: Thread is done: Thread Group 1-8
2023-05-22 19:52:18,423 INFO o.a.j.t.JMeterThread: Thread finished: Thread Group 1-8
2023-05-22 19:52:18,485 INFO o.a.j.t.JMeterThread: Thread is done: Thread Group 1-9
2023-05-22 19:52:18,486 INFO o.a.j.t.JMeterThread: Thread finished: Thread Group 1-9
2023-05-22 19:52:18,563 INFO o.a.j.t.JMeterThread: Thread is done: Thread Group 1-10
2023-05-22 19:52:18,563 INFO o.a.j.t.JMeterThread: Thread finished: Thread Group 1-10
2023-05-22 19:52:18,625 INFO o.a.j.t.JMeterThread: Thread is done: Thread Group 1-11
2023-05-22 19:52:18,625 INFO o.a.j.t.JMeterThread: Thread finished: Thread Group 1-11
2023-05-22 19:52:18,688 INFO o.a.j.t.JMeterThread: Thread is done: Thread Group 1-12
2023-05-22 19:52:18,688 INFO o.a.j.t.JMeterThread: Thread finished: Thread Group 1-12
2023-05-22 19:52:18,767 INFO o.a.j.t.JMeterThread: Thread is done: Thread Group 1-13
2023-05-22 19:52:18,767 INFO o.a.j.t.JMeterThread: Thread finished: Thread Group 1-13
2023-05-22 19:52:18,830 INFO o.a.j.t.JMeterThread: Thread is done: Thread Group 1-14
2023-05-22 19:52:18,830 INFO o.a.j.t.JMeterThread: Thread finished: Thread Group 1-14
2023-05-22 19:52:18,890 INFO o.a.j.t.JMeterThread: Thread is done: Thread Group 1-15
2023-05-22 19:52:18,891 INFO o.a.j.t.JMeterThread: Thread finished: Thread Group 1-15
2023-05-22 19:52:18,891 INFO o.a.j.e.StandardJMeterEngine: Notifying test listeners of end of test
2023-05-22 19:52:18,891 INFO o.a.j.g.u.JMeterMenuBar: setRunning(false, *local*)
2023-05-22 20:33:22,680 INFO o.a.j.e.StandardJMeterEngine: Running the test!
2023-05-22 20:33:22,699 INFO o.a.j.s.SampleEvent: List of sample_variables: []
2023-05-22 20:33:22,712 INFO o.a.j.g.u.JMeterMenuBar: setRunning(true, *local*)
2023-05-22 20:33:22,871 INFO o.a.j.e.StandardJMeterEngine: Starting ThreadGroup: 1 : Thread Group
2023-05-22 20:33:22,871 INFO o.a.j.e.StandardJMeterEngine: Starting 15 threads for group Thread Group.
2023-05-22 20:33:22,871 INFO o.a.j.e.StandardJMeterEngine: Thread will continue on error
2023-05-22 20:33:22,872 INFO o.a.j.t.ThreadGroup: Starting thread group... number=1 threads=15 ramp-up=1 delayedStart=false
2023-05-22 20:33:22,880 INFO o.a.j.t.JMeterThread: Thread started: Thread Group 1-1
2023-05-22 20:33:22,884 INFO o.a.j.t.ThreadGroup: Started thread group number 1
2023-05-22 20:33:22,884 INFO o.a.j.e.StandardJMeterEngine: All thread groups have been started
2023-05-22 20:33:22,949 INFO o.a.j.t.JMeterThread: Thread started: Thread Group 1-2
2023-05-22 20:33:23,013 INFO o.a.j.t.JMeterThread: Thread started: Thread Group 1-3
2023-05-22 20:33:23,080 INFO o.a.j.t.JMeterThread: Thread started: Thread Group 1-4
2023-05-22 20:33:23,147 INFO o.a.j.t.JMeterThread: Thread started: Thread Group 1-5
2023-05-22 20:33:23,211 INFO o.a.j.t.JMeterThread: Thread started: Thread Group 1-6
2023-05-22 20:33:23,280 INFO o.a.j.t.JMeterThread: Thread started: Thread Group 1-7
2023-05-22 20:33:23,346 INFO o.a.j.t.JMeterThread: Thread started: Thread Group 1-8
2023-05-22 20:33:23,410 INFO o.a.j.t.JMeterThread: Thread started: Thread Group 1-9
2023-05-22 20:33:23,480 INFO o.a.j.t.JMeterThread: Thread started: Thread Group 1-10
2023-05-22 20:33:23,544 INFO o.a.j.t.JMeterThread: Thread started: Thread Group 1-11
2023-05-22 20:33:23,614 INFO o.a.j.t.JMeterThread: Thread started: Thread Group 1-12
2023-05-22 20:33:23,680 INFO o.a.j.t.JMeterThread: Thread started: Thread Group 1-13
2023-05-22 20:33:23,747 INFO o.a.j.t.JMeterThread: Thread started: Thread Group 1-14
2023-05-22 20:33:23,814 INFO o.a.j.t.JMeterThread: Thread started: Thread Group 1-15
2023-05-22 20:33:23,839 INFO o.a.j.t.JMeterThread: Thread is done: Thread Group 1-2
2023-05-22 20:33:23,839 INFO o.a.j.t.JMeterThread: Thread is done: Thread Group 1-1
2023-05-22 20:33:23,839 INFO o.a.j.t.JMeterThread: Thread finished: Thread Group 1-2
2023-05-22 20:33:23,839 INFO o.a.j.t.JMeterThread: Thread finished: Thread Group 1-1
2023-05-22 20:33:25,031 INFO o.a.j.t.JMeterThread: Thread is done: Thread Group 1-3
2023-05-22 20:33:25,031 INFO o.a.j.t.JMeterThread: Thread finished: Thread Group 1-3
2023-05-22 20:33:25,094 INFO o.a.j.t.JMeterThread: Thread is done: Thread Group 1-4
2023-05-22 20:33:25,094 INFO o.a.j.t.JMeterThread: Thread finished: Thread Group 1-4
2023-05-22 20:33:25,156 INFO o.a.j.t.JMeterThread: Thread is done: Thread Group 1-5
2023-05-22 20:33:25,156 INFO o.a.j.t.JMeterThread: Thread finished: Thread Group 1-5
2023-05-22 20:33:25,220 INFO o.a.j.t.JMeterThread: Thread is done: Thread Group 1-6
2023-05-22 20:33:25,220 INFO o.a.j.t.JMeterThread: Thread finished: Thread Group 1-6
2023-05-22 20:33:25,299 INFO o.a.j.t.JMeterThread: Thread is done: Thread Group 1-7
2023-05-22 20:33:25,299 INFO o.a.j.t.JMeterThread: Thread finished: Thread Group 1-7
2023-05-22 20:33:25,362 INFO o.a.j.t.JMeterThread: Thread is done: Thread Group 1-8
2023-05-22 20:33:25,362 INFO o.a.j.t.JMeterThread: Thread finished: Thread Group 1-8
2023-05-22 20:33:25,425 INFO o.a.j.t.JMeterThread: Thread is done: Thread Group 1-9
2023-05-22 20:33:25,425 INFO o.a.j.t.JMeterThread: Thread finished: Thread Group 1-9
2023-05-22 20:33:25,488 INFO o.a.j.t.JMeterThread: Thread is done: Thread Group 1-10
2023-05-22 20:33:25,488 INFO o.a.j.t.JMeterThread: Thread finished: Thread Group 1-10
2023-05-22 20:33:25,566 INFO o.a.j.t.JMeterThread: Thread is done: Thread Group 1-11
2023-05-22 20:33:25,566 INFO o.a.j.t.JMeterThread: Thread finished: Thread Group 1-11
2023-05-22 20:33:25,628 INFO o.a.j.t.JMeterThread: Thread is done: Thread Group 1-12
2023-05-22 20:33:25,628 INFO o.a.j.t.JMeterThread: Thread finished: Thread Group 1-12
2023-05-22 20:33:25,668 INFO o.a.j.t.JMeterThread: Thread is done: Thread Group 1-14
2023-05-22 20:33:25,669 INFO o.a.j.t.JMeterThread: Thread finished: Thread Group 1-14
2023-05-22 20:33:25,671 INFO o.a.j.t.JMeterThread: Thread is done: Thread Group 1-13
2023-05-22 20:33:25,671 INFO o.a.j.t.JMeterThread: Thread finished: Thread Group 1-13
2023-05-22 20:33:25,830 INFO o.a.j.t.JMeterThread: Thread is done: Thread Group 1-15
2023-05-22 20:33:25,830 INFO o.a.j.t.JMeterThread: Thread finished: Thread Group 1-15
2023-05-22 20:33:25,830 INFO o.a.j.e.StandardJMeterEngine: Notifying test listeners of end of test
2023-05-22 20:33:25,831 INFO o.a.j.g.u.JMeterMenuBar: setRunning(false, *local*)
2023-05-22 20:34:35,639 INFO o.a.j.e.StandardJMeterEngine: Running the test!
2023-05-22 20:34:35,640 INFO o.a.j.s.SampleEvent: List of sample_variables: []
2023-05-22 20:34:35,640 INFO o.a.j.g.u.JMeterMenuBar: setRunning(true, *local*)
2023-05-22 20:34:36,076 INFO o.a.j.e.StandardJMeterEngine: Starting ThreadGroup: 1 : Thread Group
2023-05-22 20:34:36,076 INFO o.a.j.e.StandardJMeterEngine: Starting 15 threads for group Thread Group.
2023-05-22 20:34:36,076 INFO o.a.j.e.StandardJMeterEngine: Thread will continue on error
2023-05-22 20:34:36,076 INFO o.a.j.t.ThreadGroup: Starting thread group... number=1 threads=15 ramp-up=1 delayedStart=false
2023-05-22 20:34:36,078 INFO o.a.j.t.JMeterThread: Thread started: Thread Group 1-1
2023-05-22 20:34:36,081 INFO o.a.j.t.ThreadGroup: Started thread group number 1
2023-05-22 20:34:36,081 INFO o.a.j.e.StandardJMeterEngine: All thread groups have been started
2023-05-22 20:34:36,144 INFO o.a.j.t.JMeterThread: Thread started: Thread Group 1-2
2023-05-22 20:34:36,210 INFO o.a.j.t.JMeterThread: Thread started: Thread Group 1-3
2023-05-22 20:34:36,278 INFO o.a.j.t.JMeterThread: Thread started: Thread Group 1-4
2023-05-22 20:34:36,346 INFO o.a.j.t.JMeterThread: Thread started: Thread Group 1-5
2023-05-22 20:34:36,411 INFO o.a.j.t.JMeterThread: Thread started: Thread Group 1-6
2023-05-22 20:34:36,471 INFO o.a.j.t.JMeterThread: Thread is done: Thread Group 1-1
2023-05-22 20:34:36,471 INFO o.a.j.t.JMeterThread: Thread is done: Thread Group 1-2
2023-05-22 20:34:36,471 INFO o.a.j.t.JMeterThread: Thread finished: Thread Group 1-2
2023-05-22 20:34:36,471 INFO o.a.j.t.JMeterThread: Thread finished: Thread Group 1-1
2023-05-22 20:34:36,479 INFO o.a.j.t.JMeterThread: Thread started: Thread Group 1-7
2023-05-22 20:34:36,546 INFO o.a.j.t.JMeterThread: Thread started: Thread Group 1-8
2023-05-22 20:34:36,614 INFO o.a.j.t.JMeterThread: Thread started: Thread Group 1-9
2023-05-22 20:34:36,681 INFO o.a.j.t.JMeterThread: Thread started: Thread Group 1-10
2023-05-22 20:34:36,747 INFO o.a.j.t.JMeterThread: Thread started: Thread Group 1-11
2023-05-22 20:34:36,815 INFO o.a.j.t.JMeterThread: Thread started: Thread Group 1-12
2023-05-22 20:34:36,881 INFO o.a.j.t.JMeterThread: Thread started: Thread Group 1-13
2023-05-22 20:34:36,949 INFO o.a.j.t.JMeterThread: Thread started: Thread Group 1-14
2023-05-22 20:34:37,016 INFO o.a.j.t.JMeterThread: Thread started: Thread Group 1-15
2023-05-22 20:34:38,225 INFO o.a.j.t.JMeterThread: Thread is done: Thread Group 1-3
2023-05-22 20:34:38,225 INFO o.a.j.t.JMeterThread: Thread finished: Thread Group 1-3
2023-05-22 20:34:38,287 INFO o.a.j.t.JMeterThread: Thread is done: Thread Group 1-4
2023-05-22 20:34:38,287 INFO o.a.j.t.JMeterThread: Thread finished: Thread Group 1-4
2023-05-22 20:34:38,365 INFO o.a.j.t.JMeterThread: Thread is done: Thread Group 1-5
2023-05-22 20:34:38,365 INFO o.a.j.t.JMeterThread: Thread finished: Thread Group 1-5
2023-05-22 20:34:38,428 INFO o.a.j.t.JMeterThread: Thread is done: Thread Group 1-6
2023-05-22 20:34:38,428 INFO o.a.j.t.JMeterThread: Thread finished: Thread Group 1-6
2023-05-22 20:34:38,492 INFO o.a.j.t.JMeterThread: Thread is done: Thread Group 1-7
2023-05-22 20:34:38,492 INFO o.a.j.t.JMeterThread: Thread finished: Thread Group 1-7
2023-05-22 20:34:38,555 INFO o.a.j.t.JMeterThread: Thread is done: Thread Group 1-8
2023-05-22 20:34:38,555 INFO o.a.j.t.JMeterThread: Thread finished: Thread Group 1-8
2023-05-22 20:34:38,583 INFO o.a.j.t.JMeterThread: Thread is done: Thread Group 1-10
2023-05-22 20:34:38,583 INFO o.a.j.t.JMeterThread: Thread finished: Thread Group 1-10
2023-05-22 20:34:38,587 INFO o.a.j.t.JMeterThread: Thread is done: Thread Group 1-9
2023-05-22 20:34:38,587 INFO o.a.j.t.JMeterThread: Thread finished: Thread Group 1-9
2023-05-22 20:34:38,761 INFO o.a.j.t.JMeterThread: Thread is done: Thread Group 1-11
2023-05-22 20:34:38,761 INFO o.a.j.t.JMeterThread: Thread finished: Thread Group 1-11
2023-05-22 20:34:38,823 INFO o.a.j.t.JMeterThread: Thread is done: Thread Group 1-12
2023-05-22 20:34:38,824 INFO o.a.j.t.JMeterThread: Thread finished: Thread Group 1-12
2023-05-22 20:34:38,902 INFO o.a.j.t.JMeterThread: Thread is done: Thread Group 1-13
2023-05-22 20:34:38,902 INFO o.a.j.t.JMeterThread: Thread finished: Thread Group 1-13
2023-05-22 20:34:38,965 INFO o.a.j.t.JMeterThread: Thread is done: Thread Group 1-14
2023-05-22 20:34:38,965 INFO o.a.j.t.JMeterThread: Thread finished: Thread Group 1-14
2023-05-22 20:34:39,029 INFO o.a.j.t.JMeterThread: Thread is done: Thread Group 1-15
2023-05-22 20:34:39,029 INFO o.a.j.t.JMeterThread: Thread finished: Thread Group 1-15
2023-05-22 20:34:39,029 INFO o.a.j.e.StandardJMeterEngine: Notifying test listeners of end of test
2023-05-22 20:34:39,029 INFO o.a.j.g.u.JMeterMenuBar: setRunning(false, *local*)
